{"/Users/bytedance/project/iesqa-ep-fe/ui-template/components/Alert/index.tsx": {"path":"/Users/bytedance/project/iesqa-ep-fe/ui-template/components/Alert/index.tsx","statementMap":{"0":{"start":{"line":9,"column":31},"end":{"line":19,"column":1}},"1":{"start":{"line":10,"column":2},"end":{"line":18,"column":4}}},"fnMap":{"0":{"name":"(anonymous_0)","decl":{"start":{"line":9,"column":31},"end":{"line":9,"column":32}},"loc":{"start":{"line":9,"column":66},"end":{"line":19,"column":1}},"line":9}},"branchMap":{"0":{"loc":{"start":{"line":9,"column":34},"end":{"line":9,"column":50}},"type":"default-arg","locations":[{"start":{"line":9,"column":41},"end":{"line":9,"column":50}}],"line":9}},"s":{"0":1,"1":5},"f":{"0":5},"b":{"0":[1]},"_coverageSchema":"1a1c01bbd47fc00a2c39e90264f33305004495a9","hash":"6f4973b45e2b15dbfdb0a35d90b7cdff35347b6a"}
,"/Users/bytedance/project/iesqa-ep-fe/ui-template/components/button/index.tsx": {"path":"/Users/bytedance/project/iesqa-ep-fe/ui-template/components/button/index.tsx","statementMap":{"0":{"start":{"line":9,"column":32},"end":{"line":24,"column":1}},"1":{"start":{"line":10,"column":22},"end":{"line":12,"column":3}},"2":{"start":{"line":11,"column":4},"end":{"line":11,"column":14}},"3":{"start":{"line":14,"column":2},"end":{"line":23,"column":4}}},"fnMap":{"0":{"name":"(anonymous_0)","decl":{"start":{"line":9,"column":32},"end":{"line":9,"column":33}},"loc":{"start":{"line":9,"column":77},"end":{"line":24,"column":1}},"line":9},"1":{"name":"(anonymous_1)","decl":{"start":{"line":10,"column":22},"end":{"line":10,"column":23}},"loc":{"start":{"line":10,"column":28},"end":{"line":12,"column":3}},"line":10}},"branchMap":{"0":{"loc":{"start":{"line":9,"column":45},"end":{"line":9,"column":61}},"type":"default-arg","locations":[{"start":{"line":9,"column":52},"end":{"line":9,"column":61}}],"line":9}},"s":{"0":1,"1":6,"2":1,"3":6},"f":{"0":6,"1":1},"b":{"0":[2]},"_coverageSchema":"1a1c01bbd47fc00a2c39e90264f33305004495a9","hash":"8f02fd9a5dc8ee6f1c3dc88541f5e20f2c4c01f7"}
}
